<?xml version="1.0" encoding="UTF-8"?>
<!-- Generated by org.testng.reporters.JUnitReportReporter -->
<testsuite hostname="DESKTOP-D9FFKKE" name="uiTest.UITest" tests="2" failures="0" timestamp="19 Oct 2019 06:53:39 GMT" time="0.739" errors="0">
  <testcase name="simpleTest" time="0.055" classname="uiTest.UITest"/>
  <testcase name="loginTestTwo" time="0.684" classname="uiTest.UITest"/>
</testsuite> <!-- uiTest.UITest -->
