<?xml version="1.0" encoding="UTF-8"?>
<!-- Generated by org.testng.reporters.JUnitReportReporter -->
<testsuite hostname="DESKTOP-D9FFKKE" name="uiTest.JenkinsTest" tests="1" failures="0" timestamp="20 Oct 2019 06:56:00 GMT" time="3.806" errors="0">
  <testcase name="createJob" time="3.806" classname="uiTest.JenkinsTest"/>
</testsuite> <!-- uiTest.JenkinsTest -->
